#
# There is insufficient memory for the Java Runtime Environment to continue.
# Native memory allocation (malloc) failed to allocate 954896 bytes for Chunk::new
# Possible reasons:
#   The system is out of physical RAM or swap space
#   The process is running with CompressedOops enabled, and the Java Heap may be blocking the growth of the native heap
# Possible solutions:
#   Reduce memory load on the system
#   Increase physical memory or swap space
#   Check if swap backing store is full
#   Decrease Java heap size (-Xmx/-Xms)
#   Decrease number of Java threads
#   Decrease Java thread stack sizes (-Xss)
#   Set larger code cache with -XX:ReservedCodeCacheSize=
#   JVM is running with Unscaled Compressed Oops mode in which the Java heap is
#     placed in the first 4GB address space. The Java Heap base address is the
#     maximum limit for the native heap growth. Please use -XX:HeapBaseMinAddress
#     to set the Java Heap base and to place the Java Heap above 4GB virtual address.
# This output file may be truncated or incomplete.
#
#  Out of Memory Error (t:/workspace/open/src/hotspot/share/memory/arena.cpp:196), pid=6308, tid=2932
#
# JRE version: Java(TM) SE Runtime Environment (13.0.2+8) (build 13.0.2+8)
# Java VM: Java HotSpot(TM) 64-Bit Server VM (13.0.2+8, mixed mode, sharing, tiered, compressed oops, g1 gc, windows-amd64)
# No core dump will be written. Minidumps are not enabled by default on client versions of Windows
#

---------------  S U M M A R Y ------------

Command Line: -Dapplication.home=C:\Program Files\Java\jdk-13.0.2 --add-modules=ALL-DEFAULT -Xms8m -Djdk.module.main=jdk.compiler jdk.compiler/com.sun.tools.javac.Main -d C:\Users\yslro\App1\build\classes -classpath C:\Users\yslro\App1\build\classes;C:\Program Files\NetBeans-12.2\netbeans\java\modules\ext\AbsoluteLayout.jar -sourcepath C:\Users\yslro\App1\build\empty -target 13 -encoding UTF-8 -g -processorpath C:\Program Files\NetBeans-12.2\netbeans\java\modules\ext\AbsoluteLayout.jar;C:\Users\yslro\App1\build\empty -s C:\Users\yslro\App1\build\generated-sources\ap-source-output -source 13 C:\Users\yslro\App1\src\app1\Inventory_View.java

Host: Intel(R) Core(TM) i3-3240 CPU @ 3.40GHz, 4 cores, 3G,  Windows 10 , 64 bit Build 19041 (10.0.19041.662)
Time: Thu Dec 31 12:55:41 2020 Malay Peninsula Standard Time elapsed time: 3 seconds (0d 0h 0m 3s)

---------------  T H R E A D  ---------------

Current thread (0x000002839e76e000):  JavaThread "C2 CompilerThread0" daemon [_thread_in_native, id=2932, stack(0x000000af98b00000,0x000000af98c00000)]


Current CompileTask:
C2:   3198 2004       4       com.sun.tools.javac.jvm.ClassReader::sigToType (893 bytes)

Stack: [0x000000af98b00000,0x000000af98c00000]
Native frames: (J=compiled Java code, j=interpreted, Vv=VM code, C=native code)
V  [jvm.dll+0x624f9a]
V  [jvm.dll+0x770cfa]
V  [jvm.dll+0x7724af]
V  [jvm.dll+0x772ab3]
V  [jvm.dll+0x24bf08]
V  [jvm.dll+0xc1e47]
V  [jvm.dll+0xc23cc]
V  [jvm.dll+0x35c068]
V  [jvm.dll+0x327803]
V  [jvm.dll+0x326bda]
V  [jvm.dll+0x205c27]
V  [jvm.dll+0x204e3f]
V  [jvm.dll+0x189c2c]
V  [jvm.dll+0x213e6d]
V  [jvm.dll+0x2120bb]
V  [jvm.dll+0x736bb6]
V  [jvm.dll+0x72fcaa]
V  [jvm.dll+0x623ea6]
C  [ucrtbase.dll+0x214c2]
C  [KERNEL32.DLL+0x17034]
C  [ntdll.dll+0x4d0d1]


---------------  P R O C E S S  ---------------

Threads class SMR info:
_java_thread_list=0x000002839e99d890, length=10, elements={
0x0000028380067800, 0x000002838012b800, 0x000002838012f000, 0x000002838014a800,
0x000002838014e000, 0x000002839e76e000, 0x000002839e76f000, 0x000002839e7c5000,
0x000002839e76c800, 0x000002839e9f9000
}

Java Threads: ( => current thread )
  0x0000028380067800 JavaThread "main" [_thread_in_Java, id=13516, stack(0x000000af98000000,0x000000af98100000)]
  0x000002838012b800 JavaThread "Reference Handler" daemon [_thread_blocked, id=13944, stack(0x000000af98700000,0x000000af98800000)]
  0x000002838012f000 JavaThread "Finalizer" daemon [_thread_blocked, id=13316, stack(0x000000af98800000,0x000000af98900000)]
  0x000002838014a800 JavaThread "Signal Dispatcher" daemon [_thread_blocked, id=6752, stack(0x000000af98900000,0x000000af98a00000)]
  0x000002838014e000 JavaThread "Attach Listener" daemon [_thread_blocked, id=4264, stack(0x000000af98a00000,0x000000af98b00000)]
=>0x000002839e76e000 JavaThread "C2 CompilerThread0" daemon [_thread_in_native, id=2932, stack(0x000000af98b00000,0x000000af98c00000)]
  0x000002839e76f000 JavaThread "C1 CompilerThread0" daemon [_thread_in_vm, id=5296, stack(0x000000af98c00000,0x000000af98d00000)]
  0x000002839e7c5000 JavaThread "Sweeper thread" daemon [_thread_blocked, id=4512, stack(0x000000af98d00000,0x000000af98e00000)]
  0x000002839e76c800 JavaThread "Common-Cleaner" daemon [_thread_blocked, id=9308, stack(0x000000af98e00000,0x000000af98f00000)]
  0x000002839e9f9000 JavaThread "Service Thread" daemon [_thread_blocked, id=14048, stack(0x000000af98f00000,0x000000af99000000)]

Other Threads:
  0x0000028380128800 VMThread "VM Thread" [stack: 0x000000af98600000,0x000000af98700000] [id=13884]
  0x000002839e9c7800 WatcherThread [stack: 0x000000af99000000,0x000000af99100000] [id=6256]
  0x000002838009b800 GCTaskThread "GC Thread#0" [stack: 0x000000af98100000,0x000000af98200000] [id=9732]
  0x000002839ecb3800 GCTaskThread "GC Thread#1" [stack: 0x000000af99100000,0x000000af99200000] [id=13616]
  0x00000283800a6000 ConcurrentGCThread "G1 Main Marker" [stack: 0x000000af98200000,0x000000af98300000] [id=14124]
  0x00000283800a7800 ConcurrentGCThread "G1 Conc#0" [stack: 0x000000af98300000,0x000000af98400000] [id=4068]
  0x00000283800c6000 ConcurrentGCThread "G1 Refine#0" [stack: 0x000000af98400000,0x000000af98500000] [id=2528]
  0x00000283800c8000 ConcurrentGCThread "G1 Young RemSet Sampling" [stack: 0x000000af98500000,0x000000af98600000] [id=10856]

Threads with active compile tasks:
C2 CompilerThread0     3265 2004       4       com.sun.tools.javac.jvm.ClassReader::sigToType (893 bytes)
C1 CompilerThread0     3265 2110       2       com.sun.tools.javac.code.Symbol::hiddenInInternal (205 bytes)

VM state:not at safepoint (normal execution)

VM Mutex/Monitor currently owned by a thread: None

Heap address: 0x00000000c1e00000, size: 994 MB, Compressed Oops mode: 32-bit
Narrow klass base: 0x0000000800000000, Narrow klass shift: 3
Compressed class space size: 1073741824 Address: 0x0000000800b40000

Heap:
 garbage-first heap   total 38912K, used 19327K [0x00000000c1e00000, 0x0000000100000000)
  region size 1024K, 12 young (12288K), 2 survivors (2048K)
 Metaspace       used 10693K, capacity 13263K, committed 13440K, reserved 1060864K
  class space    used 1215K, capacity 1548K, committed 1664K, reserved 1048576K
Heap Regions: E=young(eden), S=young(survivor), O=old, HS=humongous(starts), HC=humongous(continues), CS=collection set, F=free, A=archive, TAMS=top-at-mark-start (previous, next)
|   0|0x00000000c1e00000, 0x00000000c1f00000, 0x00000000c1f00000|100%| O|  |TAMS 0x00000000c1e00000, 0x00000000c1e00000| Untracked 
|   1|0x00000000c1f00000, 0x00000000c2000000, 0x00000000c2000000|100%| O|  |TAMS 0x00000000c1f00000, 0x00000000c1f00000| Untracked 
|   2|0x00000000c2000000, 0x00000000c2100000, 0x00000000c2100000|100%| O|  |TAMS 0x00000000c2000000, 0x00000000c2000000| Untracked 
|   3|0x00000000c2100000, 0x00000000c2200000, 0x00000000c2200000|100%| O|  |TAMS 0x00000000c2100000, 0x00000000c2100000| Untracked 
|   4|0x00000000c2200000, 0x00000000c2300000, 0x00000000c2300000|100%| O|  |TAMS 0x00000000c2200000, 0x00000000c2200000| Untracked 
|   5|0x00000000c2300000, 0x00000000c2400000, 0x00000000c2400000|100%| O|  |TAMS 0x00000000c2300000, 0x00000000c2300000| Untracked 
|   6|0x00000000c2400000, 0x00000000c2500000, 0x00000000c2500000|100%| O|  |TAMS 0x00000000c2400000, 0x00000000c2400000| Untracked 
|   7|0x00000000c2500000, 0x00000000c2600000, 0x00000000c2600000|100%| O|  |TAMS 0x00000000c2500000, 0x00000000c2500000| Untracked 
|   8|0x00000000c2600000, 0x00000000c2647800, 0x00000000c2700000| 27%| O|  |TAMS 0x00000000c2600000, 0x00000000c2600000| Untracked 
|   9|0x00000000c2700000, 0x00000000c2800000, 0x00000000c2800000|100%|HS|  |TAMS 0x00000000c2700000, 0x00000000c2700000| Complete 
|  10|0x00000000c2800000, 0x00000000c2800000, 0x00000000c2900000|  0%| F|  |TAMS 0x00000000c2800000, 0x00000000c2800000| Untracked 
|  11|0x00000000c2900000, 0x00000000c2900000, 0x00000000c2a00000|  0%| F|  |TAMS 0x00000000c2900000, 0x00000000c2900000| Untracked 
|  12|0x00000000c2a00000, 0x00000000c2a00000, 0x00000000c2b00000|  0%| F|  |TAMS 0x00000000c2a00000, 0x00000000c2a00000| Untracked 
|  13|0x00000000c2b00000, 0x00000000c2b00000, 0x00000000c2c00000|  0%| F|  |TAMS 0x00000000c2b00000, 0x00000000c2b00000| Untracked 
|  14|0x00000000c2c00000, 0x00000000c2c00000, 0x00000000c2d00000|  0%| F|  |TAMS 0x00000000c2c00000, 0x00000000c2c00000| Untracked 
|  15|0x00000000c2d00000, 0x00000000c2d00000, 0x00000000c2e00000|  0%| F|  |TAMS 0x00000000c2d00000, 0x00000000c2d00000| Untracked 
|  16|0x00000000c2e00000, 0x00000000c2e00000, 0x00000000c2f00000|  0%| F|  |TAMS 0x00000000c2e00000, 0x00000000c2e00000| Untracked 
|  17|0x00000000c2f00000, 0x00000000c2f00000, 0x00000000c3000000|  0%| F|  |TAMS 0x00000000c2f00000, 0x00000000c2f00000| Untracked 
|  18|0x00000000c3000000, 0x00000000c3000000, 0x00000000c3100000|  0%| F|  |TAMS 0x00000000c3000000, 0x00000000c3000000| Untracked 
|  19|0x00000000c3100000, 0x00000000c3100000, 0x00000000c3200000|  0%| F|  |TAMS 0x00000000c3100000, 0x00000000c3100000| Untracked 
|  20|0x00000000c3200000, 0x00000000c3200000, 0x00000000c3300000|  0%| F|  |TAMS 0x00000000c3200000, 0x00000000c3200000| Untracked 
|  21|0x00000000c3300000, 0x00000000c3300000, 0x00000000c3400000|  0%| F|  |TAMS 0x00000000c3300000, 0x00000000c3300000| Untracked 
|  22|0x00000000c3400000, 0x00000000c3400000, 0x00000000c3500000|  0%| F|  |TAMS 0x00000000c3400000, 0x00000000c3400000| Untracked 
|  23|0x00000000c3500000, 0x00000000c3500000, 0x00000000c3600000|  0%| F|  |TAMS 0x00000000c3500000, 0x00000000c3500000| Untracked 
|  24|0x00000000c3600000, 0x00000000c3600000, 0x00000000c3700000|  0%| F|  |TAMS 0x00000000c3600000, 0x00000000c3600000| Untracked 
|  25|0x00000000c3700000, 0x00000000c3700000, 0x00000000c3800000|  0%| F|  |TAMS 0x00000000c3700000, 0x00000000c3700000| Untracked 
|  26|0x00000000c3800000, 0x00000000c3866128, 0x00000000c3900000| 39%| E|  |TAMS 0x00000000c3800000, 0x00000000c3800000| Complete 
|  27|0x00000000c3900000, 0x00000000c3998700, 0x00000000c3a00000| 59%| S|CS|TAMS 0x00000000c3900000, 0x00000000c3900000| Complete 
|  28|0x00000000c3a00000, 0x00000000c3b00000, 0x00000000c3b00000|100%| S|CS|TAMS 0x00000000c3a00000, 0x00000000c3a00000| Complete 
|  29|0x00000000c3b00000, 0x00000000c3c00000, 0x00000000c3c00000|100%| E|CS|TAMS 0x00000000c3b00000, 0x00000000c3b00000| Complete 
|  30|0x00000000c3c00000, 0x00000000c3d00000, 0x00000000c3d00000|100%| E|CS|TAMS 0x00000000c3c00000, 0x00000000c3c00000| Complete 
|  31|0x00000000c3d00000, 0x00000000c3e00000, 0x00000000c3e00000|100%| E|  |TAMS 0x00000000c3d00000, 0x00000000c3d00000| Complete 
|  32|0x00000000c3e00000, 0x00000000c3f00000, 0x00000000c3f00000|100%| E|CS|TAMS 0x00000000c3e00000, 0x00000000c3e00000| Complete 
|  33|0x00000000c3f00000, 0x00000000c4000000, 0x00000000c4000000|100%| E|CS|TAMS 0x00000000c3f00000, 0x00000000c3f00000| Complete 
|  34|0x00000000c4000000, 0x00000000c4100000, 0x00000000c4100000|100%| E|CS|TAMS 0x00000000c4000000, 0x00000000c4000000| Complete 
|  35|0x00000000c4100000, 0x00000000c4200000, 0x00000000c4200000|100%| E|CS|TAMS 0x00000000c4100000, 0x00000000c4100000| Complete 
|  36|0x00000000c4200000, 0x00000000c4300000, 0x00000000c4300000|100%| E|CS|TAMS 0x00000000c4200000, 0x00000000c4200000| Complete 
|  37|0x00000000c4300000, 0x00000000c4400000, 0x00000000c4400000|100%| E|CS|TAMS 0x00000000c4300000, 0x00000000c4300000| Complete 

Card table byte_map: [0x00000283996c0000,0x00000283998c0000] _byte_map_base: 0x00000283990b1000

Marking Bits (Prev, Next): (CMBitMap*) 0x000002838009d748, (CMBitMap*) 0x000002838009d788
 Prev Bits: [0x0000028399ac0000, 0x000002839aa48000)
 Next Bits: [0x000002839aa50000, 0x000002839b9d8000)

Polling page: 0x0000028380150000

Metaspace:

Usage:
  Non-class:     11.44 MB capacity,     9.26 MB ( 81%) used,     2.15 MB ( 19%) free+waste,    38.25 KB ( <1%) overhead. 
      Class:      1.51 MB capacity,     1.19 MB ( 79%) used,   314.45 KB ( 20%) free+waste,    18.06 KB (  1%) overhead. 
       Both:     12.95 MB capacity,    10.44 MB ( 81%) used,     2.45 MB ( 19%) free+waste,    56.31 KB ( <1%) overhead. 

Virtual space:
  Non-class space:       12.00 MB reserved,      11.50 MB ( 96%) committed 
      Class space:        1.00 GB reserved,       1.63 MB ( <1%) committed 
             Both:        1.01 GB reserved,      13.13 MB (  1%) committed 

Chunk freelists:
   Non-Class:  61.00 KB
       Class:  20.00 KB
        Both:  81.00 KB

MaxMetaspaceSize: 17179869184.00 GB
CompressedClassSpaceSize: 1.00 GB

CodeHeap 'non-profiled nmethods': size=120000Kb used=640Kb max_used=640Kb free=119360Kb
 bounds [0x0000028391820000, 0x0000028391a90000, 0x0000028398d50000]
CodeHeap 'profiled nmethods': size=120000Kb used=4500Kb max_used=4500Kb free=115499Kb
 bounds [0x000002838a2f0000, 0x000002838a760000, 0x0000028391820000]
CodeHeap 'non-nmethods': size=5760Kb used=1184Kb max_used=1223Kb free=4575Kb
 bounds [0x0000028389d50000, 0x0000028389fc0000, 0x000002838a2f0000]
 total_blobs=3213 nmethods=2083 adapters=343
 compilation: enabled
              stopped_count=0, restarted_count=0
 full_count=0

Compilation events (20 events):
Event: 3.167 Thread 0x000002839e76f000 2032       2       jdk.internal.jimage.ImageLocation::getExtension (6 bytes)
Event: 3.168 Thread 0x000002839e76f000 nmethod 2032 0x000002838a736690 code [0x000002838a736840, 0x000002838a7369d0]
Event: 3.171 Thread 0x000002839e76f000 2033       3       com.sun.tools.javac.jvm.ClassReader$$Lambda$149/0x0000000800c90040::get$Lambda (9 bytes)
Event: 3.171 Thread 0x000002839e76f000 nmethod 2033 0x000002838a736a90 code [0x000002838a736c40, 0x000002838a736ef8]
Event: 3.171 Thread 0x000002839e76f000 2034       3       com.sun.tools.javac.jvm.ClassReader$$Lambda$149/0x0000000800c90040::<init> (10 bytes)
Event: 3.172 Thread 0x000002839e76f000 nmethod 2034 0x000002838a737010 code [0x000002838a7371c0, 0x000002838a7373f8]
Event: 3.172 Thread 0x000002839e76f000 2035       3       com.sun.tools.javac.jvm.PoolReader::getClass (12 bytes)
Event: 3.172 Thread 0x000002839e76f000 nmethod 2035 0x000002838a737490 code [0x000002838a737640, 0x000002838a737910]
Event: 3.173 Thread 0x000002839e76f000 2036 % !   2       com.sun.tools.javac.jvm.ClassReader::classSigToType @ 61 (497 bytes)
Event: 3.175 Thread 0x000002839e76f000 nmethod 2036% 0x000002838a737a10 code [0x000002838a737d20, 0x000002838a738e20]
Event: 3.175 Thread 0x000002839e76f000 2037   !   3       com.sun.tools.javac.jvm.ClassReader$11::read (243 bytes)
Event: 3.180 Thread 0x000002839e76f000 nmethod 2037 0x000002838a739810 code [0x000002838a739d00, 0x000002838a73c970]
Event: 3.180 Thread 0x000002839e76f000 2039       3       com.sun.tools.javac.jvm.ClassReader$1::<init> (19 bytes)
Event: 3.181 Thread 0x000002839e76f000 nmethod 2039 0x000002838a73db90 code [0x000002838a73dd40, 0x000002838a73dfd0]
Event: 3.182 Thread 0x000002839e76f000 2044       1       java.util.ArrayList$ArrayListSpliterator::characteristics (4 bytes)
Event: 3.182 Thread 0x000002839e76f000 nmethod 2044 0x00000283918bee90 code [0x00000283918bf020, 0x00000283918bf158]
Event: 3.183 Thread 0x000002839e76f000 2045       1       java.lang.Long::longValue (5 bytes)
Event: 3.183 Thread 0x000002839e76f000 nmethod 2045 0x00000283918bf210 code [0x00000283918bf3a0, 0x00000283918bf4d8]
Event: 3.187 Thread 0x000002839e76f000 2046       2       com.sun.tools.javac.code.Scope$CompoundScope::prependSubScope (41 bytes)
Event: 3.188 Thread 0x000002839e76f000 nmethod 2046 0x000002838a73e110 code [0x000002838a73e300, 0x000002838a73e790]

GC Heap History (20 events):
Event: 1.775 GC heap before
{Heap before GC invocations=12 (full 0):
 garbage-first heap   total 10240K, used 5624K [0x00000000c1e00000, 0x0000000100000000)
  region size 1024K, 2 young (2048K), 1 survivors (1024K)
 Metaspace       used 8748K, capacity 11526K, committed 11648K, reserved 1058816K
  class space    used 1036K, capacity 1341K, committed 1408K, reserved 1048576K
}
Event: 1.777 GC heap after
{Heap after GC invocations=13 (full 0):
 garbage-first heap   total 12288K, used 4780K [0x00000000c1e00000, 0x0000000100000000)
  region size 1024K, 1 young (1024K), 1 survivors (1024K)
 Metaspace       used 8748K, capacity 11526K, committed 11648K, reserved 1058816K
  class space    used 1036K, capacity 1341K, committed 1408K, reserved 1048576K
}
Event: 1.828 GC heap before
{Heap before GC invocations=13 (full 0):
 garbage-first heap   total 12288K, used 5804K [0x00000000c1e00000, 0x0000000100000000)
  region size 1024K, 3 young (3072K), 1 survivors (1024K)
 Metaspace       used 8865K, capacity 11637K, committed 11904K, reserved 1060864K
  class space    used 1047K, capacity 1378K, committed 1408K, reserved 1048576K
}
Event: 1.832 GC heap after
{Heap after GC invocations=14 (full 0):
 garbage-first heap   total 12288K, used 5199K [0x00000000c1e00000, 0x0000000100000000)
  region size 1024K, 1 young (1024K), 1 survivors (1024K)
 Metaspace       used 8865K, capacity 11637K, committed 11904K, reserved 1060864K
  class space    used 1047K, capacity 1378K, committed 1408K, reserved 1048576K
}
Event: 1.866 GC heap before
{Heap before GC invocations=14 (full 0):
 garbage-first heap   total 12288K, used 6223K [0x00000000c1e00000, 0x0000000100000000)
  region size 1024K, 2 young (2048K), 1 survivors (1024K)
 Metaspace       used 8919K, capacity 11704K, committed 11904K, reserved 1060864K
  class space    used 1051K, capacity 1378K, committed 1408K, reserved 1048576K
}
Event: 1.869 GC heap after
{Heap after GC invocations=15 (full 0):
 garbage-first heap   total 12288K, used 5576K [0x00000000c1e00000, 0x0000000100000000)
  region size 1024K, 1 young (1024K), 1 survivors (1024K)
 Metaspace       used 8919K, capacity 11704K, committed 11904K, reserved 1060864K
  class space    used 1051K, capacity 1378K, committed 1408K, reserved 1048576K
}
Event: 1.872 GC heap before
{Heap before GC invocations=15 (full 0):
 garbage-first heap   total 12288K, used 6600K [0x00000000c1e00000, 0x0000000100000000)
  region size 1024K, 2 young (2048K), 1 survivors (1024K)
 Metaspace       used 8919K, capacity 11704K, committed 11904K, reserved 1060864K
  class space    used 1051K, capacity 1378K, committed 1408K, reserved 1048576K
}
Event: 1.874 GC heap after
{Heap after GC invocations=16 (full 0):
 garbage-first heap   total 12288K, used 5659K [0x00000000c1e00000, 0x0000000100000000)
  region size 1024K, 1 young (1024K), 1 survivors (1024K)
 Metaspace       used 8919K, capacity 11704K, committed 11904K, reserved 1060864K
  class space    used 1051K, capacity 1378K, committed 1408K, reserved 1048576K
}
Event: 1.881 GC heap before
{Heap before GC invocations=16 (full 0):
 garbage-first heap   total 12288K, used 6683K [0x00000000c1e00000, 0x0000000100000000)
  region size 1024K, 2 young (2048K), 1 survivors (1024K)
 Metaspace       used 8919K, capacity 11704K, committed 11904K, reserved 1060864K
  class space    used 1051K, capacity 1378K, committed 1408K, reserved 1048576K
}
Event: 1.883 GC heap after
{Heap after GC invocations=17 (full 0):
 garbage-first heap   total 19456K, used 5973K [0x00000000c1e00000, 0x0000000100000000)
  region size 1024K, 1 young (1024K), 1 survivors (1024K)
 Metaspace       used 8919K, capacity 11704K, committed 11904K, reserved 1060864K
  class space    used 1051K, capacity 1378K, committed 1408K, reserved 1048576K
}
Event: 1.971 GC heap before
{Heap before GC invocations=17 (full 0):
 garbage-first heap   total 19456K, used 10069K [0x00000000c1e00000, 0x0000000100000000)
  region size 1024K, 5 young (5120K), 1 survivors (1024K)
 Metaspace       used 8961K, capacity 11707K, committed 11904K, reserved 1060864K
  class space    used 1052K, capacity 1379K, committed 1408K, reserved 1048576K
}
Event: 1.975 GC heap after
{Heap after GC invocations=18 (full 0):
 garbage-first heap   total 19456K, used 6822K [0x00000000c1e00000, 0x0000000100000000)
  region size 1024K, 1 young (1024K), 1 survivors (1024K)
 Metaspace       used 8961K, capacity 11707K, committed 11904K, reserved 1060864K
  class space    used 1052K, capacity 1379K, committed 1408K, reserved 1048576K
}
Event: 2.110 GC heap before
{Heap before GC invocations=18 (full 0):
 garbage-first heap   total 19456K, used 10918K [0x00000000c1e00000, 0x0000000100000000)
  region size 1024K, 5 young (5120K), 1 survivors (1024K)
 Metaspace       used 9012K, capacity 11789K, committed 11904K, reserved 1060864K
  class space    used 1058K, capacity 1385K, committed 1408K, reserved 1048576K
}
Event: 2.116 GC heap after
{Heap after GC invocations=19 (full 0):
 garbage-first heap   total 19456K, used 7694K [0x00000000c1e00000, 0x0000000100000000)
  region size 1024K, 1 young (1024K), 1 survivors (1024K)
 Metaspace       used 9012K, capacity 11789K, committed 11904K, reserved 1060864K
  class space    used 1058K, capacity 1385K, committed 1408K, reserved 1048576K
}
Event: 2.373 GC heap before
{Heap before GC invocations=19 (full 0):
 garbage-first heap   total 19456K, used 11790K [0x00000000c1e00000, 0x0000000100000000)
  region size 1024K, 5 young (5120K), 1 survivors (1024K)
 Metaspace       used 9531K, capacity 12211K, committed 12544K, reserved 1060864K
  class space    used 1112K, capacity 1439K, committed 1536K, reserved 1048576K
}
Event: 2.379 GC heap after
{Heap after GC invocations=20 (full 0):
 garbage-first heap   total 19456K, used 8459K [0x00000000c1e00000, 0x0000000100000000)
  region size 1024K, 1 young (1024K), 1 survivors (1024K)
 Metaspace       used 9531K, capacity 12211K, committed 12544K, reserved 1060864K
  class space    used 1112K, capacity 1439K, committed 1536K, reserved 1048576K
}
Event: 2.397 GC heap before
{Heap before GC invocations=20 (full 0):
 garbage-first heap   total 19456K, used 11531K [0x00000000c1e00000, 0x0000000100000000)
  region size 1024K, 4 young (4096K), 1 survivors (1024K)
 Metaspace       used 9537K, capacity 12211K, committed 12544K, reserved 1060864K
  class space    used 1112K, capacity 1439K, committed 1536K, reserved 1048576K
}
Event: 2.403 GC heap after
{Heap after GC invocations=21 (full 0):
 garbage-first heap   total 38912K, used 9031K [0x00000000c1e00000, 0x0000000100000000)
  region size 1024K, 1 young (1024K), 1 survivors (1024K)
 Metaspace       used 9537K, capacity 12211K, committed 12544K, reserved 1060864K
  class space    used 1112K, capacity 1439K, committed 1536K, reserved 1048576K
}
Event: 2.725 GC heap before
{Heap before GC invocations=21 (full 0):
 garbage-first heap   total 38912K, used 19271K [0x00000000c1e00000, 0x0000000100000000)
  region size 1024K, 10 young (10240K), 1 survivors (1024K)
 Metaspace       used 10221K, capacity 12810K, committed 13056K, reserved 1060864K
  class space    used 1186K, capacity 1510K, committed 1536K, reserved 1048576K
}
Event: 2.731 GC heap after
{Heap after GC invocations=22 (full 0):
 garbage-first heap   total 38912K, used 11135K [0x00000000c1e00000, 0x0000000100000000)
  region size 1024K, 2 young (2048K), 2 survivors (2048K)
 Metaspace       used 10221K, capacity 12810K, committed 13056K, reserved 1060864K
  class space    used 1186K, capacity 1510K, committed 1536K, reserved 1048576K
}

Deoptimization events (20 events):
Event: 1.990 Thread 0x0000028380067800 Uncommon trap: trap_request=0xffffff45 fr.pc=0x0000028391885dc8 relative=0x0000000000000128
Event: 1.990 Thread 0x0000028380067800 Uncommon trap: reason=unstable_if action=reinterpret pc=0x0000028391885dc8 method=com.sun.tools.javac.code.Scope$ScopeImpl.getIndex(Lcom/sun/tools/javac/util/Name;)I @ 60 c2
Event: 1.990 Thread 0x0000028380067800 DEOPT PACKING pc=0x0000028391885dc8 sp=0x000000af980fd900
Event: 1.990 Thread 0x0000028380067800 DEOPT UNPACKING pc=0x0000028389d9912f sp=0x000000af980fd870 mode 2
Event: 3.171 Thread 0x0000028380067800 Uncommon trap: trap_request=0xffffffde fr.pc=0x00000283918968d8 relative=0x0000000000005618
Event: 3.171 Thread 0x0000028380067800 Uncommon trap: reason=class_check action=maybe_recompile pc=0x00000283918968d8 method=com.sun.tools.javac.code.Symtab.lookupPackage(Lcom/sun/tools/javac/code/Symbol$ModuleSymbol;Lcom/sun/tools/javac/util/Name;)Lcom/sun/tools/javac/code/Symbol$PackageSymbo
Event: 3.171 Thread 0x0000028380067800 DEOPT PACKING pc=0x00000283918968d8 sp=0x000000af980fb500
Event: 3.171 Thread 0x0000028380067800 DEOPT UNPACKING pc=0x0000028389d9912f sp=0x000000af980fb418 mode 2
Event: 3.171 Thread 0x0000028380067800 Uncommon trap: trap_request=0xffffffde fr.pc=0x00000283918968d8 relative=0x0000000000005618
Event: 3.171 Thread 0x0000028380067800 Uncommon trap: reason=class_check action=maybe_recompile pc=0x00000283918968d8 method=com.sun.tools.javac.code.Symtab.lookupPackage(Lcom/sun/tools/javac/code/Symbol$ModuleSymbol;Lcom/sun/tools/javac/util/Name;)Lcom/sun/tools/javac/code/Symbol$PackageSymbo
Event: 3.171 Thread 0x0000028380067800 DEOPT PACKING pc=0x00000283918968d8 sp=0x000000af980fb500
Event: 3.171 Thread 0x0000028380067800 DEOPT UNPACKING pc=0x0000028389d9912f sp=0x000000af980fb418 mode 2
Event: 3.171 Thread 0x0000028380067800 Uncommon trap: trap_request=0xffffffde fr.pc=0x00000283918968d8 relative=0x0000000000005618
Event: 3.171 Thread 0x0000028380067800 Uncommon trap: reason=class_check action=maybe_recompile pc=0x00000283918968d8 method=com.sun.tools.javac.code.Symtab.lookupPackage(Lcom/sun/tools/javac/code/Symbol$ModuleSymbol;Lcom/sun/tools/javac/util/Name;)Lcom/sun/tools/javac/code/Symbol$PackageSymbo
Event: 3.171 Thread 0x0000028380067800 DEOPT PACKING pc=0x00000283918968d8 sp=0x000000af980fb280
Event: 3.172 Thread 0x0000028380067800 DEOPT UNPACKING pc=0x0000028389d9912f sp=0x000000af980fb198 mode 2
Event: 3.172 Thread 0x0000028380067800 Uncommon trap: trap_request=0xffffffde fr.pc=0x00000283918968d8 relative=0x0000000000005618
Event: 3.172 Thread 0x0000028380067800 Uncommon trap: reason=class_check action=maybe_recompile pc=0x00000283918968d8 method=com.sun.tools.javac.code.Symtab.lookupPackage(Lcom/sun/tools/javac/code/Symbol$ModuleSymbol;Lcom/sun/tools/javac/util/Name;)Lcom/sun/tools/javac/code/Symbol$PackageSymbo
Event: 3.172 Thread 0x0000028380067800 DEOPT PACKING pc=0x00000283918968d8 sp=0x000000af980fb1c0
Event: 3.172 Thread 0x0000028380067800 DEOPT UNPACKING pc=0x0000028389d9912f sp=0x000000af980fb0d8 mode 2

Classes unloaded (0 events):
No events

Classes redefined (0 events):
No events

Internal exceptions (20 events):
Event: 1.442 Thread 0x0000028380067800 Exception <a 'java/lang/NoSuchMethodError'{0x00000000c25b89a8}: 'java.lang.Object java.lang.invoke.DirectMethodHandle$Holder.invokeVirtual(java.lang.Object, java.lang.Object, java.lang.Object, int, int)'> (0x00000000c25b89a8) 
thrown [t:/workspace/open/src/hotspot/share/interpreter/linkResolver.cpp, line 767]
Event: 1.443 Thread 0x0000028380067800 Exception <a 'java/lang/NoSuchMethodError'{0x00000000c25bf168}: 'java.lang.Object java.lang.invoke.DirectMethodHandle$Holder.invokeVirtual(java.lang.Object, java.lang.Object, int)'> (0x00000000c25bf168) 
thrown [t:/workspace/open/src/hotspot/share/interpreter/linkResolver.cpp, line 767]
Event: 1.444 Thread 0x0000028380067800 Exception <a 'java/lang/NoSuchMethodError'{0x00000000c25c5578}: 'java.lang.Object java.lang.invoke.DirectMethodHandle$Holder.invokeSpecial(java.lang.Object, java.lang.Object, java.lang.Object, int, int)'> (0x00000000c25c5578) 
thrown [t:/workspace/open/src/hotspot/share/interpreter/linkResolver.cpp, line 767]
Event: 1.641 Thread 0x0000028380067800 Exception <a 'sun/nio/fs/WindowsException'{0x00000000c2700080}> (0x00000000c2700080) 
thrown [t:/workspace/open/src/hotspot/share/prims/jni.cpp, line 598]
Event: 1.658 Thread 0x0000028380067800 Exception <a 'sun/nio/fs/WindowsException'{0x00000000c27232e0}> (0x00000000c27232e0) 
thrown [t:/workspace/open/src/hotspot/share/prims/jni.cpp, line 598]
Event: 1.658 Thread 0x0000028380067800 Exception <a 'sun/nio/fs/WindowsException'{0x00000000c27234f0}> (0x00000000c27234f0) 
thrown [t:/workspace/open/src/hotspot/share/prims/jni.cpp, line 598]
Event: 1.660 Thread 0x0000028380067800 Exception <a 'java/lang/NoSuchMethodError'{0x00000000c272cfb0}: 'int java.lang.invoke.DirectMethodHandle$Holder.invokeSpecial(java.lang.Object, java.lang.Object, java.lang.Object, java.lang.Object, java.lang.Object)'> (0x00000000c272cfb0) 
thrown [t:/workspace/open/src/hotspot/share/interpreter/linkResolver.cpp, line 767]
Event: 1.756 Thread 0x0000028380067800 Exception <a 'sun/nio/fs/WindowsException'{0x00000000c275e7b0}> (0x00000000c275e7b0) 
thrown [t:/workspace/open/src/hotspot/share/prims/jni.cpp, line 598]
Event: 1.756 Thread 0x0000028380067800 Exception <a 'sun/nio/fs/WindowsException'{0x00000000c275e9c0}> (0x00000000c275e9c0) 
thrown [t:/workspace/open/src/hotspot/share/prims/jni.cpp, line 598]
Event: 1.756 Thread 0x0000028380067800 Exception <a 'sun/nio/fs/WindowsException'{0x00000000c275fb70}> (0x00000000c275fb70) 
thrown [t:/workspace/open/src/hotspot/share/prims/jni.cpp, line 598]
Event: 1.756 Thread 0x0000028380067800 Exception <a 'sun/nio/fs/WindowsException'{0x00000000c275fd80}> (0x00000000c275fd80) 
thrown [t:/workspace/open/src/hotspot/share/prims/jni.cpp, line 598]
Event: 1.796 Thread 0x0000028380067800 Exception <a 'java/lang/NoSuchMethodError'{0x00000000c28595c8}: 'java.lang.Object java.lang.invoke.DirectMethodHandle$Holder.invokeStatic(java.lang.Object, java.lang.Object, int, int)'> (0x00000000c28595c8) 
thrown [t:/workspace/open/src/hotspot/share/interpreter/linkResolver.cpp, line 767]
Event: 1.864 Thread 0x0000028380067800 Exception <a 'sun/nio/fs/WindowsException'{0x00000000c29b5630}> (0x00000000c29b5630) 
thrown [t:/workspace/open/src/hotspot/share/prims/jni.cpp, line 598]
Event: 1.864 Thread 0x0000028380067800 Exception <a 'sun/nio/fs/WindowsException'{0x00000000c29b5850}> (0x00000000c29b5850) 
thrown [t:/workspace/open/src/hotspot/share/prims/jni.cpp, line 598]
Event: 1.864 Thread 0x0000028380067800 Exception <a 'sun/nio/fs/WindowsException'{0x00000000c29b67c8}> (0x00000000c29b67c8) 
thrown [t:/workspace/open/src/hotspot/share/prims/jni.cpp, line 598]
Event: 1.864 Thread 0x0000028380067800 Exception <a 'sun/nio/fs/WindowsException'{0x00000000c29b69d8}> (0x00000000c29b69d8) 
thrown [t:/workspace/open/src/hotspot/share/prims/jni.cpp, line 598]
Event: 2.560 Thread 0x0000028380067800 Exception <a 'java/lang/NoSuchMethodError'{0x00000000c3d84d98}: 'void java.lang.invoke.DirectMethodHandle$Holder.invokeVirtual(java.lang.Object, java.lang.Object)'> (0x00000000c3d84d98) 
thrown [t:/workspace/open/src/hotspot/share/interpreter/linkResolver.cpp, line 767]
Event: 2.582 Thread 0x0000028380067800 Exception <a 'java/lang/NoSuchMethodError'{0x00000000c3dbf430}: 'int java.lang.invoke.DirectMethodHandle$Holder.invokeVirtual(java.lang.Object, java.lang.Object, java.lang.Object, java.lang.Object)'> (0x00000000c3dbf430) 
thrown [t:/workspace/open/src/hotspot/share/interpreter/linkResolver.cpp, line 767]
Event: 2.584 Thread 0x0000028380067800 Exception <a 'java/lang/NoSuchMethodError'{0x00000000c3dc9880}: 'java.lang.Object java.lang.invoke.DirectMethodHandle$Holder.invokeStatic(java.lang.Object, java.lang.Object, int, java.lang.Object)'> (0x00000000c3dc9880) 
thrown [t:/workspace/open/src/hotspot/share/interpreter/linkResolver.cpp, line 767]
Event: 2.585 Thread 0x0000028380067800 Exception <a 'java/lang/NoSuchMethodError'{0x00000000c3dcfdf0}: 'java.lang.Object java.lang.invoke.Invokers$Holder.linkToTargetMethod(java.lang.Object, int, java.lang.Object, java.lang.Object)'> (0x00000000c3dcfdf0) 
thrown [t:/workspace/open/src/hotspot/share/interpreter/linkResolver.cpp, line 767]

Events (20 events):
Event: 2.741 loading class com/sun/tools/javac/code/Type
Event: 2.741 loading class com/sun/tools/javac/code/Type done
Event: 2.741 loading class com/sun/tools/javac/code/Symbol$OperatorSymbol
Event: 2.741 loading class com/sun/tools/javac/code/Symbol$OperatorSymbol done
Event: 2.871 Executing VM operation: ICBufferFull
Event: 2.871 Executing VM operation: ICBufferFull done
Event: 3.128 Executing VM operation: ICBufferFull
Event: 3.128 Executing VM operation: ICBufferFull done
Event: 3.156 loading class com/sun/tools/javac/util/Filter
Event: 3.156 loading class com/sun/tools/javac/util/Filter done
Event: 3.156 loading class com/sun/tools/javac/util/Filter
Event: 3.156 loading class com/sun/tools/javac/util/Filter done
Event: 3.156 loading class com/sun/tools/javac/code/Symbol
Event: 3.156 loading class com/sun/tools/javac/code/Symbol done
Event: 3.169 loading class com/sun/tools/javac/code/Symtab
Event: 3.169 loading class com/sun/tools/javac/code/Symtab done
Event: 3.169 loading class com/sun/tools/javac/code/Type
Event: 3.169 loading class com/sun/tools/javac/code/Type done
Event: 3.169 loading class com/sun/tools/javac/code/Types$UniqueType
Event: 3.169 loading class com/sun/tools/javac/code/Types$UniqueType done


Dynamic libraries:
0x00007ff7898d0000 - 0x00007ff7898d7000 	C:\Program Files\Java\jdk-13.0.2\bin\javac.exe
0x00007ffd18310000 - 0x00007ffd18506000 	C:\Windows\SYSTEM32\ntdll.dll
0x00007ffd16520000 - 0x00007ffd165dd000 	C:\Windows\System32\KERNEL32.DLL
0x00007ffd15f80000 - 0x00007ffd16249000 	C:\Windows\System32\KERNELBASE.dll
0x00007ffd15b60000 - 0x00007ffd15c60000 	C:\Windows\System32\ucrtbase.dll
0x00007ffd0fb70000 - 0x00007ffd0fb88000 	C:\Program Files\Java\jdk-13.0.2\bin\jli.dll
0x00007ffd16470000 - 0x00007ffd1651c000 	C:\Windows\System32\ADVAPI32.dll
0x00007ffd16370000 - 0x00007ffd1640e000 	C:\Windows\System32\msvcrt.dll
0x00007ffd16ed0000 - 0x00007ffd16f6c000 	C:\Windows\System32\sechost.dll
0x00007ffd16f70000 - 0x00007ffd1709b000 	C:\Windows\System32\RPCRT4.dll
0x00007ffd0b000000 - 0x00007ffd0b015000 	C:\Program Files\Java\jdk-13.0.2\bin\VCRUNTIME140.dll
0x00007ffd17fd0000 - 0x00007ffd18170000 	C:\Windows\System32\USER32.dll
0x00007ffd16250000 - 0x00007ffd16272000 	C:\Windows\System32\win32u.dll
0x00007ffd166d0000 - 0x00007ffd166fa000 	C:\Windows\System32\GDI32.dll
0x00007ffd15a50000 - 0x00007ffd15b59000 	C:\Windows\System32\gdi32full.dll
0x00007ffd162d0000 - 0x00007ffd1636d000 	C:\Windows\System32\msvcp_win.dll
0x00007ffd0c640000 - 0x00007ffd0c64a000 	C:\Windows\SYSTEM32\VERSION.dll
0x00007ffd00c90000 - 0x00007ffd00f2b000 	C:\Windows\WinSxS\amd64_microsoft.windows.common-controls_6595b64144ccf1df_6.0.19041.488_none_ca04af081b815d21\COMCTL32.dll
0x00007ffd165e0000 - 0x00007ffd16610000 	C:\Windows\System32\IMM32.DLL
0x00007ffcfca00000 - 0x00007ffcfca9b000 	C:\Program Files\Java\jdk-13.0.2\bin\msvcp140.dll
0x00007ffce8510000 - 0x00007ffce906d000 	C:\Program Files\Java\jdk-13.0.2\bin\server\jvm.dll
0x00007ffd18170000 - 0x00007ffd18178000 	C:\Windows\System32\PSAPI.DLL
0x00007ffcf8800000 - 0x00007ffcf8809000 	C:\Windows\SYSTEM32\WSOCK32.dll
0x00007ffd17960000 - 0x00007ffd179cb000 	C:\Windows\System32\WS2_32.dll
0x00007ffd0b8e0000 - 0x00007ffd0b907000 	C:\Windows\SYSTEM32\WINMM.dll
0x00007ffd13980000 - 0x00007ffd13992000 	C:\Windows\SYSTEM32\kernel.appcore.dll
0x00007ffd106c0000 - 0x00007ffd106d0000 	C:\Program Files\Java\jdk-13.0.2\bin\verify.dll
0x00007ffd09930000 - 0x00007ffd09b14000 	C:\Windows\SYSTEM32\DBGHELP.DLL
0x00007ffd098f0000 - 0x00007ffd0991c000 	C:\Windows\SYSTEM32\dbgcore.DLL
0x00007ffd15c60000 - 0x00007ffd15ce0000 	C:\Windows\System32\bcryptPrimitives.dll
0x00007ffcfeab0000 - 0x00007ffcfead6000 	C:\Program Files\Java\jdk-13.0.2\bin\java.dll
0x00007ffd0afd0000 - 0x00007ffd0afe7000 	C:\Program Files\Java\jdk-13.0.2\bin\zip.dll
0x00007ffd02e00000 - 0x00007ffd02e0a000 	C:\Program Files\Java\jdk-13.0.2\bin\jimage.dll
0x00007ffd16700000 - 0x00007ffd16e42000 	C:\Windows\System32\SHELL32.dll
0x00007ffd13b80000 - 0x00007ffd14315000 	C:\Windows\SYSTEM32\windows.storage.dll
0x00007ffd17c70000 - 0x00007ffd17fc6000 	C:\Windows\System32\combase.dll
0x00007ffd15320000 - 0x00007ffd1534c000 	C:\Windows\SYSTEM32\Wldp.dll
0x00007ffd16610000 - 0x00007ffd166be000 	C:\Windows\System32\SHCORE.dll
0x00007ffd17b00000 - 0x00007ffd17b55000 	C:\Windows\System32\shlwapi.dll
0x00007ffd15980000 - 0x00007ffd159a6000 	C:\Windows\SYSTEM32\profapi.dll
0x00007ffd018a0000 - 0x00007ffd018b9000 	C:\Program Files\Java\jdk-13.0.2\bin\net.dll
0x00007ffd0f990000 - 0x00007ffd0fa90000 	C:\Windows\SYSTEM32\WINHTTP.dll
0x00007ffd15110000 - 0x00007ffd1517a000 	C:\Windows\system32\mswsock.dll
0x00007ffd01740000 - 0x00007ffd01753000 	C:\Program Files\Java\jdk-13.0.2\bin\nio.dll

dbghelp: loaded successfully - version: 4.0.5 - missing functions: none
symbol engine: initialized successfully - sym options: 0x614 - pdb path: .;C:\Program Files\Java\jdk-13.0.2\bin;C:\Windows\SYSTEM32;C:\Windows\WinSxS\amd64_microsoft.windows.common-controls_6595b64144ccf1df_6.0.19041.488_none_ca04af081b815d21;C:\Program Files\Java\jdk-13.0.2\bin\server

VM Arguments:
jvm_args: -Dapplication.home=C:\Program Files\Java\jdk-13.0.2 --add-modules=ALL-DEFAULT -Xms8m -Djdk.module.main=jdk.compiler 
java_command: jdk.compiler/com.sun.tools.javac.Main -d C:\Users\yslro\App1\build\classes -classpath C:\Users\yslro\App1\build\classes;C:\Program Files\NetBeans-12.2\netbeans\java\modules\ext\AbsoluteLayout.jar -sourcepath C:\Users\yslro\App1\build\empty -target 13 -encoding UTF-8 -g -processorpath C:\Program Files\NetBeans-12.2\netbeans\java\modules\ext\AbsoluteLayout.jar;C:\Users\yslro\App1\build\empty -s C:\Users\yslro\App1\build\generated-sources\ap-source-output -source 13 C:\Users\yslro\App1\src\app1\Inventory_View.java
java_class_path (initial): <not set>
Launcher Type: SUN_STANDARD

[Global flags]
     intx CICompilerCount                          = 3                                         {product} {ergonomic}
     uint ConcGCThreads                            = 1                                         {product} {ergonomic}
     uint G1ConcRefinementThreads                  = 4                                         {product} {ergonomic}
   size_t G1HeapRegionSize                         = 1048576                                   {product} {ergonomic}
    uintx GCDrainStackTargetSize                   = 64                                        {product} {ergonomic}
   size_t InitialHeapSize                          = 8388608                                   {product} {command line}
   size_t MarkStackSize                            = 4194304                                   {product} {ergonomic}
   size_t MaxHeapSize                              = 1042284544                                {product} {ergonomic}
   size_t MaxNewSize                               = 624951296                                 {product} {ergonomic}
   size_t MinHeapDeltaBytes                        = 1048576                                   {product} {ergonomic}
   size_t MinHeapSize                              = 8388608                                   {product} {command line}
    uintx NonNMethodCodeHeapSize                   = 5832780                                {pd product} {ergonomic}
    uintx NonProfiledCodeHeapSize                  = 122912730                              {pd product} {ergonomic}
    uintx ProfiledCodeHeapSize                     = 122912730                              {pd product} {ergonomic}
    uintx ReservedCodeCacheSize                    = 251658240                              {pd product} {ergonomic}
     bool SegmentedCodeCache                       = true                                      {product} {ergonomic}
   size_t SoftMaxHeapSize                          = 1042284544                             {manageable} {ergonomic}
     bool UseCompressedClassPointers               = true                                 {lp64_product} {ergonomic}
     bool UseCompressedOops                        = true                                 {lp64_product} {ergonomic}
     bool UseG1GC                                  = true                                      {product} {ergonomic}
     bool UseLargePagesIndividualAllocation        = false                                  {pd product} {ergonomic}

Logging:
Log output configuration:
 #0: stdout all=warning uptime,level,tags
 #1: stderr all=off uptime,level,tags

Environment Variables:
PATH=C:\ProgramData\Oracle\Java\javapath;C:\Windows\system32;C:\Windows;C:\Windows\System32\Wbem;C:\Windows\System32\WindowsPowerShell\v1.0\;C:\Windows\System32\OpenSSH\;C:\Program Files\nodejs\;C:\Program Files\Git\cmd;C:\Users\yslro\AppData\Local\Microsoft\WindowsApps;C:\Users\yslro\AppData\Local\Programs\Microsoft VS Code\bin;C:\Users\yslro\AppData\Roaming\npm;C:\src\flutter\bin;
USERNAME=yslro
OS=Windows_NT
PROCESSOR_IDENTIFIER=Intel64 Family 6 Model 58 Stepping 9, GenuineIntel



---------------  S Y S T E M  ---------------

OS: Windows 10 , 64 bit Build 19041 (10.0.19041.662)
HyperV virtualization detected

CPU:total 4 (initial active 4) (2 cores per cpu, 2 threads per core) family 6 model 58 stepping 9, cmov, cx8, fxsr, mmx, sse, sse2, sse3, ssse3, sse4.1, sse4.2, popcnt, avx, clmul, erms, ht, tsc, tscinvbit, tscinv

Memory: 4k page, system-wide physical 3972M (207M free)
TotalPageFile size 16260M (AvailPageFile size 3M)
current process WorkingSet (physical memory assigned to process): 109M, peak: 109M
current process commit charge ("private bytes"): 147M, peak: 150M

vm_info: Java HotSpot(TM) 64-Bit Server VM (13.0.2+8) for windows-amd64 JRE (13.0.2+8), built on Dec 11 2019 09:20:33 by "mach5one" with unknown MS VC++:1916

END.
